2022-05-31 13:31:21 - INFO  - tn.esprit.spring.StridesApplication - Starting StridesApplication using Java 1.8.0_60 on DESKTOP-PJU0Q2T with PID 7908 (C:\Users\user\git\strides-server\Strides\src\main\webapp\WEB-INF\classes started by user in C:\Users\user\git\strides-server\Strides)
2022-05-31 13:31:21 - INFO  - tn.esprit.spring.StridesApplication - No active profile set, falling back to default profiles: default
2022-05-31 13:31:27 - INFO  - org.apache.catalina.core.StandardService - Starting service [Tomcat]
2022-05-31 13:31:27 - INFO  - org.apache.catalina.core.StandardEngine - Starting Servlet engine: [Apache Tomcat/9.0.44]
2022-05-31 13:31:28 - INFO  - org.apache.jasper.servlet.TldScanner - At least one JAR was scanned for TLDs yet contained no TLDs. Enable debug logging for this logger for a complete list of JARs that were scanned but no TLDs were found in them. Skipping unneeded JARs during scanning can improve startup time and JSP compilation time.
2022-05-31 13:31:28 - INFO  - o.a.catalina.core.ContainerBase.[Tomcat].[localhost].[/] - Initializing Spring embedded WebApplicationContext
2022-05-31 13:31:28 - WARN  - o.s.b.a.orm.jpa.JpaBaseConfiguration$JpaWebConfiguration - spring.jpa.open-in-view is enabled by default. Therefore, database queries may be performed during view rendering. Explicitly configure spring.jpa.open-in-view to disable this warning
2022-05-31 13:31:29 - INFO  - org.hibernate.jpa.internal.util.LogHelper - HHH000204: Processing PersistenceUnitInfo [name: default]
2022-05-31 13:31:29 - INFO  - org.hibernate.Version - HHH000412: Hibernate ORM core version 5.4.29.Final
2022-05-31 13:31:30 - INFO  - org.hibernate.annotations.common.Version - HCANN000001: Hibernate Commons Annotations {5.1.2.Final}
2022-05-31 13:31:31 - INFO  - org.hibernate.dialect.Dialect - HHH000400: Using dialect: org.hibernate.dialect.PostgreSQLDialect
2022-05-31 13:31:36 - INFO  - o.h.e.transaction.jta.platform.internal.JtaPlatformInitiator - HHH000490: Using JtaPlatform implementation: [org.hibernate.engine.transaction.jta.platform.internal.NoJtaPlatform]
2022-05-31 13:31:38 - WARN  - org.apache.myfaces.webapp.AbstractFacesInitializer - No mappings of FacesServlet found. Abort initializing MyFaces.
2022-05-31 13:31:38 - INFO  - org.apache.myfaces.webapp.StartupServletContextListener - MyFaces Core has started, it took [153] ms.
2022-05-31 13:31:38 - INFO  - unknown.jul.logger - RewriteFilter starting up...
2022-05-31 13:31:38 - INFO  - unknown.jul.logger - Loaded [3] org.ocpsoft.rewrite.servlet.spi.RewriteLifecycleListener [org.ocpsoft.rewrite.faces.FacesRewriteLifecycleListener<0>, org.ocpsoft.rewrite.servlet.config.lifecycle.JoinRewriteLifecycleListener<2147483647>, org.ocpsoft.rewrite.servlet.impl.DefaultRewriteLifecycleListener<2147483647>]
2022-05-31 13:31:38 - INFO  - unknown.jul.logger - Loaded [1] org.ocpsoft.rewrite.servlet.spi.RequestCycleWrapper [org.ocpsoft.rewrite.servlet.impl.HttpRewriteRequestCycleWrapper<0>]
2022-05-31 13:31:38 - INFO  - unknown.jul.logger - Loaded [1] org.ocpsoft.rewrite.spi.RewriteProvider [org.ocpsoft.rewrite.servlet.impl.DefaultHttpRewriteProvider<0>]
2022-05-31 13:31:38 - INFO  - unknown.jul.logger - Loaded [1] org.ocpsoft.rewrite.servlet.spi.RewriteResultHandler [org.ocpsoft.rewrite.servlet.impl.HttpRewriteResultHandler<0>]
2022-05-31 13:31:38 - INFO  - unknown.jul.logger - Loaded [1] org.ocpsoft.rewrite.servlet.spi.InboundRewriteProducer [org.ocpsoft.rewrite.servlet.impl.HttpInboundRewriteProducer<0>]
2022-05-31 13:31:38 - INFO  - unknown.jul.logger - Loaded [1] org.ocpsoft.rewrite.servlet.spi.OutboundRewriteProducer [org.ocpsoft.rewrite.servlet.impl.HttpOutboundRewriteProducer<0>]
2022-05-31 13:31:38 - INFO  - unknown.jul.logger - Loaded [0] org.ocpsoft.rewrite.servlet.spi.ContextListener []
2022-05-31 13:31:38 - INFO  - unknown.jul.logger - Loaded [0] org.ocpsoft.rewrite.servlet.spi.RequestListener []
2022-05-31 13:31:38 - INFO  - unknown.jul.logger - Loaded [0] org.ocpsoft.rewrite.servlet.spi.RequestParameterProvider []
2022-05-31 13:31:38 - INFO  - unknown.jul.logger - Loaded [1] org.ocpsoft.rewrite.el.spi.ExpressionLanguageProvider [org.ocpsoft.rewrite.faces.FacesExpressionLanguageProvider<30>]
2022-05-31 13:31:38 - INFO  - unknown.jul.logger - Loaded [1] org.ocpsoft.rewrite.spi.InvocationResultHandler [org.ocpsoft.rewrite.faces.NavigatingInvocationResultHandler<100>]
2022-05-31 13:31:38 - INFO  - unknown.jul.logger - Loaded [0] org.ocpsoft.common.spi.ServiceEnricher []
2022-05-31 13:31:38 - INFO  - unknown.jul.logger - Loaded [1] org.ocpsoft.rewrite.spi.ConfigurationCacheProvider [org.ocpsoft.rewrite.servlet.impl.ServletContextConfigurationCacheProvider<0>]
2022-05-31 13:31:38 - INFO  - unknown.jul.logger - Loaded [1] org.ocpsoft.rewrite.config.ConfigurationProvider [org.ocpsoft.rewrite.annotation.config.AnnotationConfigProvider<100>]
2022-05-31 13:31:38 - INFO  - unknown.jul.logger - Loaded [0] org.ocpsoft.rewrite.spi.RuleCacheProvider []
2022-05-31 13:31:39 - INFO  - unknown.jul.logger - Rewrite 3.4.1.Final initialized.
2022-05-31 13:31:42 - WARN  - o.s.b.a.t.ThymeleafAutoConfiguration$DefaultTemplateResolverConfiguration - Cannot find template location: classpath:/templates/ (please add some templates or check your Thymeleaf configuration)
2022-05-31 13:31:43 - INFO  - tn.esprit.spring.StridesApplication - Started StridesApplication in 23.11 seconds (JVM running for 25.379)
2022-05-31 13:32:55 - INFO  - o.a.catalina.core.ContainerBase.[Tomcat].[localhost].[/] - Initializing Spring DispatcherServlet 'dispatcherServlet'
2022-05-31 13:32:55 - INFO  - unknown.jul.logger - Loaded [1] org.ocpsoft.rewrite.spi.GlobalParameterProvider [org.ocpsoft.rewrite.instance.WildcardParameterProvider<0>]
2022-05-31 13:36:48 - WARN  - o.s.w.s.m.m.annotation.ExceptionHandlerExceptionResolver - Resolved [org.springframework.web.method.annotation.MethodArgumentTypeMismatchException: Failed to convert value of type 'java.lang.String' to required type 'java.lang.Long'; nested exception is java.lang.NumberFormatException: For input string: "undefined"]
2022-05-31 13:36:48 - WARN  - o.s.w.s.m.m.annotation.ExceptionHandlerExceptionResolver - Resolved [org.springframework.web.method.annotation.MethodArgumentTypeMismatchException: Failed to convert value of type 'java.lang.String' to required type 'java.lang.Long'; nested exception is java.lang.NumberFormatException: For input string: "undefined"]
2022-05-31 13:36:48 - WARN  - o.s.w.s.m.m.annotation.ExceptionHandlerExceptionResolver - Resolved [org.springframework.web.method.annotation.MethodArgumentTypeMismatchException: Failed to convert value of type 'java.lang.String' to required type 'java.lang.Long'; nested exception is java.lang.NumberFormatException: For input string: "undefined"]
2022-05-31 13:40:34 - ERROR - tn.esprit.spring.security.jwt.AuthEntryPointJwt - Unauthorized error: Bad credentials
2022-05-31 13:40:41 - ERROR - tn.esprit.spring.security.jwt.AuthEntryPointJwt - Unauthorized error: Bad credentials
2022-05-31 23:03:32 - INFO  - tn.esprit.spring.StridesApplication - Starting StridesApplication using Java 1.8.0_60 on DESKTOP-PJU0Q2T with PID 18004 (C:\Users\user\git\strides-server\Strides\src\main\webapp\WEB-INF\classes started by user in C:\Users\user\git\strides-server\Strides)
2022-05-31 23:03:32 - INFO  - tn.esprit.spring.StridesApplication - No active profile set, falling back to default profiles: default
2022-05-31 23:03:37 - INFO  - org.apache.catalina.core.StandardService - Starting service [Tomcat]
2022-05-31 23:03:37 - INFO  - org.apache.catalina.core.StandardEngine - Starting Servlet engine: [Apache Tomcat/9.0.44]
2022-05-31 23:03:37 - INFO  - org.apache.jasper.servlet.TldScanner - At least one JAR was scanned for TLDs yet contained no TLDs. Enable debug logging for this logger for a complete list of JARs that were scanned but no TLDs were found in them. Skipping unneeded JARs during scanning can improve startup time and JSP compilation time.
2022-05-31 23:03:37 - INFO  - o.a.catalina.core.ContainerBase.[Tomcat].[localhost].[/] - Initializing Spring embedded WebApplicationContext
2022-05-31 23:03:38 - WARN  - o.s.b.a.orm.jpa.JpaBaseConfiguration$JpaWebConfiguration - spring.jpa.open-in-view is enabled by default. Therefore, database queries may be performed during view rendering. Explicitly configure spring.jpa.open-in-view to disable this warning
2022-05-31 23:03:38 - INFO  - org.hibernate.jpa.internal.util.LogHelper - HHH000204: Processing PersistenceUnitInfo [name: default]
2022-05-31 23:03:38 - INFO  - org.hibernate.Version - HHH000412: Hibernate ORM core version 5.4.29.Final
2022-05-31 23:03:38 - INFO  - org.hibernate.annotations.common.Version - HCANN000001: Hibernate Commons Annotations {5.1.2.Final}
2022-05-31 23:03:49 - INFO  - org.hibernate.dialect.Dialect - HHH000400: Using dialect: org.hibernate.dialect.PostgreSQLDialect
2022-05-31 23:04:27 - INFO  - o.h.e.transaction.jta.platform.internal.JtaPlatformInitiator - HHH000490: Using JtaPlatform implementation: [org.hibernate.engine.transaction.jta.platform.internal.NoJtaPlatform]
2022-05-31 23:04:57 - WARN  - org.apache.myfaces.webapp.AbstractFacesInitializer - No mappings of FacesServlet found. Abort initializing MyFaces.
2022-05-31 23:04:57 - INFO  - org.apache.myfaces.webapp.StartupServletContextListener - MyFaces Core has started, it took [1225] ms.
2022-05-31 23:04:57 - INFO  - unknown.jul.logger - RewriteFilter starting up...
2022-05-31 23:04:58 - INFO  - unknown.jul.logger - Loaded [3] org.ocpsoft.rewrite.servlet.spi.RewriteLifecycleListener [org.ocpsoft.rewrite.faces.FacesRewriteLifecycleListener<0>, org.ocpsoft.rewrite.servlet.impl.DefaultRewriteLifecycleListener<2147483647>, org.ocpsoft.rewrite.servlet.config.lifecycle.JoinRewriteLifecycleListener<2147483647>]
2022-05-31 23:04:58 - INFO  - unknown.jul.logger - Loaded [1] org.ocpsoft.rewrite.servlet.spi.RequestCycleWrapper [org.ocpsoft.rewrite.servlet.impl.HttpRewriteRequestCycleWrapper<0>]
2022-05-31 23:04:58 - INFO  - unknown.jul.logger - Loaded [1] org.ocpsoft.rewrite.spi.RewriteProvider [org.ocpsoft.rewrite.servlet.impl.DefaultHttpRewriteProvider<0>]
2022-05-31 23:04:58 - INFO  - unknown.jul.logger - Loaded [1] org.ocpsoft.rewrite.servlet.spi.RewriteResultHandler [org.ocpsoft.rewrite.servlet.impl.HttpRewriteResultHandler<0>]
2022-05-31 23:04:58 - INFO  - unknown.jul.logger - Loaded [1] org.ocpsoft.rewrite.servlet.spi.InboundRewriteProducer [org.ocpsoft.rewrite.servlet.impl.HttpInboundRewriteProducer<0>]
2022-05-31 23:04:58 - INFO  - unknown.jul.logger - Loaded [1] org.ocpsoft.rewrite.servlet.spi.OutboundRewriteProducer [org.ocpsoft.rewrite.servlet.impl.HttpOutboundRewriteProducer<0>]
2022-05-31 23:04:58 - INFO  - unknown.jul.logger - Loaded [0] org.ocpsoft.rewrite.servlet.spi.ContextListener []
2022-05-31 23:04:58 - INFO  - unknown.jul.logger - Loaded [0] org.ocpsoft.rewrite.servlet.spi.RequestListener []
2022-05-31 23:04:58 - INFO  - unknown.jul.logger - Loaded [0] org.ocpsoft.rewrite.servlet.spi.RequestParameterProvider []
2022-05-31 23:04:58 - INFO  - unknown.jul.logger - Loaded [1] org.ocpsoft.rewrite.el.spi.ExpressionLanguageProvider [org.ocpsoft.rewrite.faces.FacesExpressionLanguageProvider<30>]
2022-05-31 23:04:58 - INFO  - unknown.jul.logger - Loaded [1] org.ocpsoft.rewrite.spi.InvocationResultHandler [org.ocpsoft.rewrite.faces.NavigatingInvocationResultHandler<100>]
2022-05-31 23:04:58 - INFO  - unknown.jul.logger - Loaded [0] org.ocpsoft.common.spi.ServiceEnricher []
2022-05-31 23:04:58 - INFO  - unknown.jul.logger - Loaded [1] org.ocpsoft.rewrite.spi.ConfigurationCacheProvider [org.ocpsoft.rewrite.servlet.impl.ServletContextConfigurationCacheProvider<0>]
2022-05-31 23:04:58 - INFO  - unknown.jul.logger - Loaded [1] org.ocpsoft.rewrite.config.ConfigurationProvider [org.ocpsoft.rewrite.annotation.config.AnnotationConfigProvider<100>]
2022-05-31 23:04:58 - INFO  - unknown.jul.logger - Loaded [0] org.ocpsoft.rewrite.spi.RuleCacheProvider []
2022-05-31 23:05:09 - INFO  - unknown.jul.logger - Rewrite 3.4.1.Final initialized.
2022-05-31 23:05:43 - WARN  - o.s.b.a.t.ThymeleafAutoConfiguration$DefaultTemplateResolverConfiguration - Cannot find template location: classpath:/templates/ (please add some templates or check your Thymeleaf configuration)
2022-05-31 23:05:56 - INFO  - tn.esprit.spring.StridesApplication - Started StridesApplication in 144.719 seconds (JVM running for 146.152)
2022-05-31 23:39:12 - INFO  - o.a.catalina.core.ContainerBase.[Tomcat].[localhost].[/] - Initializing Spring DispatcherServlet 'dispatcherServlet'
2022-05-31 23:40:00 - INFO  - unknown.jul.logger - Loaded [1] org.ocpsoft.rewrite.spi.GlobalParameterProvider [org.ocpsoft.rewrite.instance.WildcardParameterProvider<0>]
2022-05-31 23:40:00 - INFO  - unknown.jul.logger - Loaded [1] org.ocpsoft.rewrite.spi.GlobalParameterProvider [org.ocpsoft.rewrite.instance.WildcardParameterProvider<0>]
2022-05-31 23:40:00 - INFO  - unknown.jul.logger - Loaded [1] org.ocpsoft.rewrite.spi.GlobalParameterProvider [org.ocpsoft.rewrite.instance.WildcardParameterProvider<0>]
2022-05-31 23:40:00 - INFO  - unknown.jul.logger - Loaded [1] org.ocpsoft.rewrite.spi.GlobalParameterProvider [org.ocpsoft.rewrite.instance.WildcardParameterProvider<0>]
2022-05-31 23:40:01 - WARN  - o.s.w.s.m.m.annotation.ExceptionHandlerExceptionResolver - Resolved [org.springframework.web.method.annotation.MethodArgumentTypeMismatchException: Failed to convert value of type 'java.lang.String' to required type 'java.lang.Long'; nested exception is java.lang.NumberFormatException: For input string: "undefined"]
2022-05-31 23:40:01 - WARN  - o.s.w.s.m.m.annotation.ExceptionHandlerExceptionResolver - Resolved [org.springframework.web.method.annotation.MethodArgumentTypeMismatchException: Failed to convert value of type 'java.lang.String' to required type 'java.lang.Long'; nested exception is java.lang.NumberFormatException: For input string: "undefined"]
2022-05-31 23:40:01 - WARN  - o.s.w.s.m.m.annotation.ExceptionHandlerExceptionResolver - Resolved [org.springframework.web.method.annotation.MethodArgumentTypeMismatchException: Failed to convert value of type 'java.lang.String' to required type 'java.lang.Long'; nested exception is java.lang.NumberFormatException: For input string: "undefined"]
